<?xml version="1.0" encoding="UTF-8"?>
<!-- Generated by org.testng.reporters.JUnitReportReporter -->
<testsuite hostname="192.168.1.4" failures="0" tests="2" name="com.example.tests.ParameterisedTests" time="6.030" errors="0" timestamp="2025-01-17T01:29:41 IST" skipped="0">
  <testcase classname="com.example.tests.ParameterisedTests" name="testGetUser" time="3.576"/>
  <system-out/>
  <testcase classname="com.example.tests.ParameterisedTests" name="testGetUser" time="2.454"/>
  <system-out/>
</testsuite> <!-- com.example.tests.ParameterisedTests -->
